Andres Marius Constantin/app/BaseGameUtils/build/outputs/logs/manifest-merger-debug-report.txt
-- Merging decision tree log ---
manifest
ADDED from src\main\AndroidManifest.xml:18:1-28:12
INJECTED from src\main\AndroidManifest.xml:18:1-28:12
INJECTED from src\main\AndroidManifest.xml:18:1-28:12
INJECTED from src\main\AndroidManifest.xml:18:1-28:12
INJECTED from src\main\AndroidManifest.xml:18:1-28:12
INJECTED from src\main\AndroidManifest.xml:18:1-28:12
INJECTED from src\main\AndroidManifest.xml:18:1-28:12
	package
		ADDED from src\main\AndroidManifest.xml:19:5-53
		INJECTED from src\main\AndroidManifest.xml
		INJECTED from src\main\AndroidManifest.xml
	android:versionName
		ADDED from src\main\AndroidManifest.xml:21:5-30
		INJECTED from src\main\AndroidManifest.xml
		INJECTED from src\main\AndroidManifest.xml
	xmlns:android
		ADDED from src\main\AndroidManifest.xml:18:11-69
	android:versionCode
		ADDED from src\main\AndroidManifest.xml:20:5-28
		INJECTED from src\main\AndroidManifest.xml
		INJECTED from src\main\AndroidManifest.xml
application
ADDED from src\main\AndroidManifest.xml:24:5-26:19
meta-data#unityplayer.ForwardNativeEventsToDalvik
ADDED from src\main\AndroidManifest.xml:25:9-98
	android:value
		ADDED from src\main\AndroidManifest.xml:25:75-95
	android:name
		ADDED from src\main\AndroidManifest.xml:25:20-74
uses-sdk
INJECTED from src\main\AndroidManifest.xml reason: use-sdk injection requested
INJECTED from src\main\AndroidManifest.xml
INJECTED from src\main\AndroidManifest.xml
INJECTED from src\main\AndroidManifest.xml
INJECTED from src\main\AndroidManifest.xml
	android:targetSdkVersion
		INJECTED from src\main\AndroidManifest.xml
		ADDED from src\main\AndroidManifest.xml
		INJECTED from src\main\AndroidManifest.xml
	android:minSdkVersion
		INJECTED from src\main\AndroidManifest.xml
		ADDED from src\main\AndroidManifest.xml
		INJECTED from src\main\AndroidManifest.xml